[debug] [2024-08-03T15:02:50.538Z] ----------------------------------------------------------------------
[debug] [2024-08-03T15:02:50.540Z] Command:       /usr/bin/node /home/ayanda/.npm-global/bin/firebase init
[debug] [2024-08-03T15:02:50.540Z] CLI Version:   13.14.2
[debug] [2024-08-03T15:02:50.540Z] Platform:      linux
[debug] [2024-08-03T15:02:50.540Z] Node Version:  v18.20.4
[debug] [2024-08-03T15:02:50.541Z] Time:          Sat Aug 03 2024 17:02:50 GMT+0200 (South Africa Standard Time)
[debug] [2024-08-03T15:02:50.541Z] ----------------------------------------------------------------------
[debug] 
[debug] [2024-08-03T15:02:50.545Z] > command requires scopes: ["email","openid","https://www.googleapis.com/auth/cloudplatformprojects.readonly","https://www.googleapis.com/auth/firebase","https://www.googleapis.com/auth/cloud-platform"]
[debug] [2024-08-03T15:02:50.545Z] > authorizing via signed-in user (ms.ayandajuqu@gmail.com)
[info] 
     ######## #### ########  ######## ########     ###     ######  ########
     ##        ##  ##     ## ##       ##     ##  ##   ##  ##       ##
     ######    ##  ########  ######   ########  #########  ######  ######
     ##        ##  ##    ##  ##       ##     ## ##     ##       ## ##
     ##       #### ##     ## ######## ########  ##     ##  ######  ########

You're about to initialize a Firebase project in this directory:

  /home/ayanda/hr-system

[info] 
=== Project Setup
[info] 
[info] First, let's associate this project directory with a Firebase project.
[info] You can create multiple project aliases by running firebase use --add, 
[info] but for now we'll just set up a default project.
[info] 
[debug] [2024-08-03T15:02:57.426Z] >>> [apiv2][query] GET https://firebase.googleapis.com/v1beta1/projects pageSize=100
[debug] [2024-08-03T15:02:58.354Z] <<< [apiv2][status] GET https://firebase.googleapis.com/v1beta1/projects 200
[debug] [2024-08-03T15:02:58.354Z] <<< [apiv2][body] GET https://firebase.googleapis.com/v1beta1/projects [omitted]
[info] i  Using project hr-system-921be (hr-system) 
[info] 
=== Hosting Setup
[debug] [2024-08-03T15:02:59.544Z] >>> [apiv2][query] GET https://firebase.googleapis.com/v1beta1/projects/hr-system-921be [none]
[debug] [2024-08-03T15:03:00.185Z] <<< [apiv2][status] GET https://firebase.googleapis.com/v1beta1/projects/hr-system-921be 200
[debug] [2024-08-03T15:03:00.185Z] <<< [apiv2][body] GET https://firebase.googleapis.com/v1beta1/projects/hr-system-921be {"projectId":"hr-system-921be","projectNumber":"224875971041","displayName":"hr-system","name":"projects/hr-system-921be","resources":{"hostingSite":"hr-system-921be","storageBucket":"hr-system-921be.appspot.com","locationId":"europe-west"},"state":"ACTIVE","etag":"1_1452e674-cf3d-4817-b2e3-5a767ee7fde5"}
[info] 
[info] Your public directory is the folder (relative to your project directory) that
[info] will contain Hosting assets to be uploaded with firebase deploy. If you
[info] have a build process for your assets, use your build's output directory.
[info] 
[info] ✔  Wrote public/404.html 
[debug] [2024-08-03T15:05:23.071Z] >>> [apiv2][query] GET https://www.gstatic.com/firebasejs/releases.json [none]
[debug] [2024-08-03T15:05:23.650Z] <<< [apiv2][status] GET https://www.gstatic.com/firebasejs/releases.json 200
[debug] [2024-08-03T15:05:23.651Z] <<< [apiv2][body] GET https://www.gstatic.com/firebasejs/releases.json {"current":{"version":"10.12.5","browserURL":"https://www.gstatic.com/firebasejs/10.12.5/firebase.js","packageURL":"https://www.gstatic.com/firebasejs/10.12.5/firebase.tgz"},"live":{"version":"10.12","browserURL":"https://www.gstatic.com/firebasejs/live/10.12/firebase.js","packageURL":"https://www.gstatic.com/firebasejs/live/10.12/firebase.tgz"},"components":{"analytics":"https://www.gstatic.com/firebasejs/10.12.5/firebase-analytics.js","app":"https://www.gstatic.com/firebasejs/10.12.5/firebase-app.js","app-check":"https://www.gstatic.com/firebasejs/10.12.5/firebase-app-check.js","auth":"https://www.gstatic.com/firebasejs/10.12.5/firebase-auth.js","auth/cordova":"https://www.gstatic.com/firebasejs/10.12.5/firebase-auth/cordova.js","auth/web-extension":"https://www.gstatic.com/firebasejs/10.12.5/firebase-auth/web-extension.js","functions":"https://www.gstatic.com/firebasejs/10.12.5/firebase-functions.js","firestore":"https://www.gstatic.com/firebasejs/10.12.5/firebase-firestore.js","firestore/lite":"https://www.gstatic.com/firebasejs/10.12.5/firebase-firestore/lite.js","installations":"https://www.gstatic.com/firebasejs/10.12.5/firebase-installations.js","storage":"https://www.gstatic.com/firebasejs/10.12.5/firebase-storage.js","performance":"https://www.gstatic.com/firebasejs/10.12.5/firebase-performance.js","remote-config":"https://www.gstatic.com/firebasejs/10.12.5/firebase-remote-config.js","messaging":"https://www.gstatic.com/firebasejs/10.12.5/firebase-messaging.js","messaging/sw":"https://www.gstatic.com/firebasejs/10.12.5/firebase-messaging/sw.js","database":"https://www.gstatic.com/firebasejs/10.12.5/firebase-database.js","vertexai-preview":"https://www.gstatic.com/firebasejs/10.12.5/firebase-vertexai-preview.js","firestore.memory":"https://www.gstatic.com/firebasejs/10.12.5/firebase-firestore.memory.js"}}
[info] i  Skipping write of public/index.html 
[info] 
[info] i  Detected a .git folder at /home/ayanda/hr-system 
[info] i  Authorizing with GitHub to upload your service account to a GitHub repository's secrets store. 
[info] 
[info] Visit this URL on this device to log in:
[info] https://github.com/login/oauth/authorize?client_id=89cf50f02ac6aaed3484&state=109581201&redirect_uri=http%3A%2F%2Flocalhost%3A9005&scope=read%3Auser%20repo%20public_repo
[info] 
[info] Waiting for authentication...
[debug] [2024-08-03T15:06:24.172Z] >>> [apiv2][query] POST https://github.com/login/oauth/access_token [none]
[debug] [2024-08-03T15:06:24.173Z] >>> [apiv2][body] POST https://github.com/login/oauth/access_token [stream]
[debug] [2024-08-03T15:06:24.802Z] <<< [apiv2][status] POST https://github.com/login/oauth/access_token 200
[debug] [2024-08-03T15:06:24.802Z] <<< [apiv2][body] POST https://github.com/login/oauth/access_token {"access_token":"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","token_type":"bearer","scope":"read:user,repo"}
[debug] [2024-08-03T15:06:24.806Z] >>> [apiv2][query] GET https://api.github.com/user [none]
[debug] [2024-08-03T15:06:25.153Z] <<< [apiv2][status] GET https://api.github.com/user 200
[debug] [2024-08-03T15:06:25.153Z] <<< [apiv2][body] GET https://api.github.com/user {"login":"ayandajuqu","id":111187618,"node_id":"U_kgDOBqCWog","avatar_url":"https://avatars.githubusercontent.com/u/111187618?v=4","gravatar_id":"","url":"https://api.github.com/users/ayandajuqu","html_url":"https://github.com/ayandajuqu","followers_url":"https://api.github.com/users/ayandajuqu/followers","following_url":"https://api.github.com/users/ayandajuqu/following{/other_user}","gists_url":"https://api.github.com/users/ayandajuqu/gists{/gist_id}","starred_url":"https://api.github.com/users/ayandajuqu/starred{/owner}{/repo}","subscriptions_url":"https://api.github.com/users/ayandajuqu/subscriptions","organizations_url":"https://api.github.com/users/ayandajuqu/orgs","repos_url":"https://api.github.com/users/ayandajuqu/repos","events_url":"https://api.github.com/users/ayandajuqu/events{/privacy}","received_events_url":"https://api.github.com/users/ayandajuqu/received_events","type":"User","site_admin":false,"name":null,"company":null,"blog":"","location":null,"email":null,"hireable":null,"bio":null,"twitter_username":null,"notification_email":null,"public_repos":3,"public_gists":0,"followers":8,"following":6,"created_at":"2022-08-13T14:09:00Z","updated_at":"2024-07-26T05:23:28Z","private_gists":0,"total_private_repos":11,"owned_private_repos":11,"disk_usage":725,"collaborators":0,"two_factor_authentication":false,"plan":{"name":"free","space":976562499,"collaborators":0,"private_repos":10000}}
[info] 
[info] ✔  Success! Logged into GitHub as ayandajuqu 
[info] 
